
  .   ____          _            __ _ _
 /\\ / ___'_ __ _ _(_)_ __  __ _ \ \ \ \
( ( )\___ | '_ | '_| | '_ \/ _` | \ \ \ \
 \\/  ___)| |_)| | | | | || (_| |  ) ) ) )
  '  |____| .__|_| |_|_| |_\__, | / / / /
 =========|_|==============|___/=/_/_/_/
 :: Spring Boot ::                (v3.2.0)

2026-03-03T12:34:45.428+08:00  INFO 25780 --- [           main] com.todo.TodoApplication                 : Starting TodoApplication v1.0.0 using Java 17.0.12 with PID 25780 (C:\Users\123\.openclaw\workspace\todo-app-java\backend\target\todo-backend-1.0.0.jar started by 123 in C:\Users\123\.openclaw\workspace)
2026-03-03T12:34:45.436+08:00  INFO 25780 --- [           main] com.todo.TodoApplication                 : No active profile set, falling back to 1 default profile: "default"
2026-03-03T12:34:46.405+08:00  INFO 25780 --- [           main] .s.d.r.c.RepositoryConfigurationDelegate : Bootstrapping Spring Data JPA repositories in DEFAULT mode.
2026-03-03T12:34:46.494+08:00  INFO 25780 --- [           main] .s.d.r.c.RepositoryConfigurationDelegate : Finished Spring Data repository scanning in 73 ms. Found 1 JPA repository interface.
2026-03-03T12:34:47.241+08:00  INFO 25780 --- [           main] o.s.b.w.embedded.tomcat.TomcatWebServer  : Tomcat initialized with port 8080 (http)
2026-03-03T12:34:47.256+08:00  INFO 25780 --- [           main] o.apache.catalina.core.StandardService   : Starting service [Tomcat]
2026-03-03T12:34:47.256+08:00  INFO 25780 --- [           main] o.apache.catalina.core.StandardEngine    : Starting Servlet engine: [Apache Tomcat/10.1.16]
2026-03-03T12:34:47.312+08:00  INFO 25780 --- [           main] o.a.c.c.C.[Tomcat].[localhost].[/]       : Initializing Spring embedded WebApplicationContext
2026-03-03T12:34:47.314+08:00  INFO 25780 --- [           main] w.s.c.ServletWebServerApplicationContext : Root WebApplicationContext: initialization completed in 1763 ms
2026-03-03T12:34:47.350+08:00  INFO 25780 --- [           main] com.zaxxer.hikari.HikariDataSource       : HikariPool-1 - Starting...
2026-03-03T12:34:47.604+08:00  INFO 25780 --- [           main] com.zaxxer.hikari.pool.HikariPool        : HikariPool-1 - Added connection conn0: url=jdbc:h2:mem:todo_db user=SA
2026-03-03T12:34:47.610+08:00  INFO 25780 --- [           main] com.zaxxer.hikari.HikariDataSource       : HikariPool-1 - Start completed.
2026-03-03T12:34:47.623+08:00  INFO 25780 --- [           main] o.s.b.a.h2.H2ConsoleAutoConfiguration    : H2 console available at '/h2-console'. Database available at 'jdbc:h2:mem:todo_db'
2026-03-03T12:34:47.805+08:00  INFO 25780 --- [           main] o.hibernate.jpa.internal.util.LogHelper  : HHH000204: Processing PersistenceUnitInfo [name: default]
2026-03-03T12:34:47.887+08:00  INFO 25780 --- [           main] org.hibernate.Version                    : HHH000412: Hibernate ORM core version 6.3.1.Final
2026-03-03T12:34:47.937+08:00  INFO 25780 --- [           main] o.h.c.internal.RegionFactoryInitiator    : HHH000026: Second-level cache disabled
2026-03-03T12:34:48.293+08:00  INFO 25780 --- [           main] o.s.o.j.p.SpringPersistenceUnitInfo      : No LoadTimeWeaver setup: ignoring JPA class transformer
2026-03-03T12:34:49.440+08:00  INFO 25780 --- [           main] o.h.e.t.j.p.i.JtaPlatformInitiator       : HHH000489: No JTA platform available (set 'hibernate.transaction.jta.platform' to enable JTA platform integration)
Hibernate: 
    drop table if exists tasks cascade 
Hibernate: 
    create table tasks (
        completed boolean,
        completed_at timestamp(6),
        created_at timestamp(6),
        id bigint generated by default as identity,
        updated_at timestamp(6),
        due_date varchar(255),
        notes varchar(255),
        priority varchar(255),
        reminder varchar(255),
        repeat varchar(255),
        tag varchar(255),
        text varchar(255) not null,
        primary key (id)
    )
2026-03-03T12:34:49.483+08:00  INFO 25780 --- [           main] j.LocalContainerEntityManagerFactoryBean : Initialized JPA EntityManagerFactory for persistence unit 'default'
2026-03-03T12:34:49.986+08:00  WARN 25780 --- [           main] JpaBaseConfiguration$JpaWebConfiguration : spring.jpa.open-in-view is enabled by default. Therefore, database queries may be performed during view rendering. Explicitly configure spring.jpa.open-in-view to disable this warning
2026-03-03T12:34:50.391+08:00  WARN 25780 --- [           main] ConfigServletWebServerApplicationContext : Exception encountered during context initialization - cancelling refresh attempt: org.springframework.context.ApplicationContextException: Failed to start bean 'webServerStartStop'
2026-03-03T12:34:50.393+08:00  INFO 25780 --- [           main] j.LocalContainerEntityManagerFactoryBean : Closing JPA EntityManagerFactory for persistence unit 'default'
Hibernate: 
    drop table if exists tasks cascade 
2026-03-03T12:34:50.398+08:00  INFO 25780 --- [           main] com.zaxxer.hikari.HikariDataSource       : HikariPool-1 - Shutdown initiated...
2026-03-03T12:34:50.400+08:00  INFO 25780 --- [           main] com.zaxxer.hikari.HikariDataSource       : HikariPool-1 - Shutdown completed.
2026-03-03T12:34:50.418+08:00  INFO 25780 --- [           main] .s.b.a.l.ConditionEvaluationReportLogger : 

Error starting ApplicationContext. To display the condition evaluation report re-run your application with 'debug' enabled.
2026-03-03T12:34:50.439+08:00 ERROR 25780 --- [           main] o.s.b.d.LoggingFailureAnalysisReporter   : 

***************************
APPLICATION FAILED TO START
***************************

Description:

Web server failed to start. Port 8080 was already in use.

Action:

Identify and stop the process that's listening on port 8080 or configure this application to listen on another port.

